<?xml version="1.0" encoding="utf-8" ?>

<site-map document-root="/home/richard/Documents/python/pycoon/tmp">

<pipelines>

<pipeline>
  <match type="uri" pattern="/">
    <generate type="directory-list" src="." />
    <serialize type="xml" />
  </match>

  <match type="uri" pattern="/list/*-*">
    <generate type="xpath" src="data.xml" query="//item[position()&gt;={$1} and position()&lt;={$2}]" />
    <serialize type="xml" />
  </match>

  <match type="uri" pattern="/bigitup">
    <aggregate>
      <generate type="directory-list" src="." />
      <generate type="xpath" src="data.xml" query="//item[position()&gt;=1 and position()&lt;=5]" />
    </aggregate>
    <serialize type="xml" />
  </match>

  <match type="uri" pattern="/*">
    <generate type="file" src="data.xml" />
    <transform type="xslt" src="data2html.xslt">
      <parameter name="uri" value="{$1}" />
    </transform>
    <serialize type="xhtml" />
  </match>

  <match type="uri" pattern="/cmd/*">
    <generate type="command" src="cat data.xml" />
    <transform type="command" src="sabcmd data2html.xslt" />
    <serialize type="html" />
  </match>

  <match type="error" error-code="404">
    <generate type="file" src="not-found.xml" />
    <serialize type="xml" />
  </match>
</pipeline>

</pipelines>

</site-map>
