<?xml version="1.0" encoding="utf-8" ?>

<site-map document-root="/path/to/this/file">

<pipelines>

<pipeline>
  <match type="uri" pattern="/">
    <generate type="directory-list" src="." />
    <serialize type="xml" />
  </match>

  <match type="uri" pattern="/list/*-*">
    <generate type="xpath" src="data.xml" query="//item[position()&gt;={$1} and position()&lt;={$2}]" />
    <serialize type="xml" />
  </match>

  <match type="uri" pattern="/bigitup">
    <aggregate>
      <generate type="directory-list" src="." />
      <select type="resource-exists" method="inclusive">
	<when test="data.xml">
	  <generate type="xpath" src="data.xml" query="//item[position()&gt;=1 and position()&lt;=5]" />
	</when>
	<when test="browsers.xml">
	  <generate type="file" src="browsers.xml" />
	</when>
      </select>
    </aggregate>
    <serialize type="xml" />
  </match>

  <match type="uri" pattern="/browser">
    <generate type="file" src="browsers.xml" />
    <select type="browser">
      <when test="konqueror">
	<transform type="xslt" src="browsers2html.xslt">
	  <parameter name="browser" value="Konqueror" />
	</transform>
      </when>
      <when test="msie">
	<throw error-code="404" />
      </when>
      <when test="firefox galeon">
	<transform type="xslt" src="browsers2html.xslt">
	  <parameter name="browser" value="Firefox or Galeon" />
	</transform>
      </when>
      <otherwise>
	<transform type="xslt" src="browsers2html.xslt">
	  <parameter name="browser" value="unknown" />
	</transform>
      </otherwise>
    </select>
    <serialize type="xhtml" />
  </match>

  <match type="uri" pattern="/query">
    <select type="request-parameter" parameter="document">
      <when test="data">
	<generate type="file" src="data.xml" />
      </when>
      <when test="browsers">
	<generate type="file" src="browsers.xml" />
      </when>
    </select>
    <serialize type="xml" />
  </match>

  <match type="uri" pattern="/sara" required-parameters="type id">
    <generate type="http" src="http://www.sara.uea.ac.uk/body.php" content="html">
      <parameter name="body" value="display-{uri:query:type}" />
      <parameter name="{uri:query:type}_id" value="{uri:query:id}" />
      <parameter name="format" value="HTML" />
    </generate>
    <serialize type="xhtml" />
  </match>

  <match type="uri" pattern="/request">
    <generate type="request" />
    <serialize type="xml" />
  </match>

  <match type="uri" pattern="/request-header">
    <select type="request-header" header="Accept-Language">
      <when test="en">
	<generate type="http" src="http://www.google.com/" content="html" />
      </when>
      <when test="ja">
	<generate type="http" src="http://www.google.co.jp/" content="html" />
      </when>
      <otherwise>
	<throw error-code="404" />
      </otherwise>
    </select>
    <serialize type="xhtml" />
  </match>

  <match type="uri" pattern="/special-transforms" required-parameters="method">
    <generate type="file" src="data.xml" />
    <select type="request-parameter" parameter="method">
      <when test="sax">
	<transform type="sax-handler" module="transforms" handler="test_sax_handler" />
      </when>
      <when test="etree">
	<transform type="etree" module="transforms" code-object="test_etree_transform" />
      </when>
    </select>
    <serialize type="xml" />
  </match>

  <match type="uri" pattern="/google">
    <redirect uri="http://www.google.co.uk/" />
  </match>

  <match type="uri" pattern="/*">
    <generate type="file" src="data.xml" />
    <select type="browser-class">
      <when test="graphic">
	<transform type="xslt" src="data2html.xslt">
	  <parameter name="uri" value="{$1}" />
	</transform>
	<serialize type="xhtml" mime="text/html" />
      </when>
      <otherwise>
	<transform type="xslt" src="data2text.xslt" />
	<serialize type="text" mime="text/plain" />
      </otherwise>
    </select>
  </match>

  <match type="uri" pattern="/cmd/*">
    <generate type="command" src="cat data.xml" />
    <transform type="command" src="sabcmd data2html.xslt" />
    <serialize type="html" />
  </match>

  <match type="error" error-code="404">
    <generate type="file" src="not-found.xml" />
    <serialize type="xml" />
  </match>
</pipeline>

</pipelines>

</site-map>
